This file contains any messages produced by compilers while
running configure, to aid debugging if configure makes a mistake.

It was created by weston configure 1.8.0, which was
generated by GNU Autoconf 2.69.  Invocation command line was

  $ ./configure --prefix=/home/zw/work/ubuntu/local --disable-documentation --enable-rdp-compositor PKG_CONFIG_PATH=/home/zw/work/ubuntu/local/lib/pkgconfig RDP_COMPOSITOR_LIBS=/usr/local/lib/x86_64-linux-gnu/libfreerdp.so RDP_COMPOSITOR_CFLAGS=-I/usr/local/include/freerdp -I/usr/local/include/winpr LDFLAGS=-L/usr/local/lib/x86_64-linux-gnu/ -L/home/zw/work/ubuntu/local/lib/ LIBS=-lfreerdp

## --------- ##
## Platform. ##
## --------- ##

hostname = zw-OptiPlex-3020
uname -m = x86_64
uname -r = 3.13.0-100-generic
uname -s = Linux
uname -v = #147-Ubuntu SMP Tue Oct 18 16:48:51 UTC 2016

/usr/bin/uname -p = unknown
/bin/uname -X     = unknown

/bin/arch              = unknown
/usr/bin/arch -k       = unknown
/usr/convex/getsysinfo = unknown
/usr/bin/hostinfo      = unknown
/bin/machine           = unknown
/usr/bin/oslevel       = unknown
/bin/universe          = unknown

PATH: /home/zw/work/bin
PATH: /home/zw/bin
PATH: /home/zw/work/bin
PATH: /usr/local/sbin
PATH: /usr/local/bin
PATH: /usr/sbin
PATH: /usr/bin
PATH: /sbin
PATH: /bin
PATH: /usr/games
PATH: /usr/local/games
PATH: /usr/lib/jvm/java-7-openjdk-amd64/bin
PATH: /usr/lib/jvm/java-7-openjdk-amd64/jre/bin


## ----------- ##
## Core tests. ##
## ----------- ##

configure:2874: checking for gcc
configure:2890: found /usr/bin/gcc
configure:2901: result: gcc
configure:3130: checking for C compiler version
configure:3139: gcc --version >&5
gcc (Ubuntu 4.8.4-2ubuntu1~14.04.3) 4.8.4
Copyright (C) 2013 Free Software Foundation, Inc.
This is free software; see the source for copying conditions.  There is NO
warranty; not even for MERCHANTABILITY or FITNESS FOR A PARTICULAR PURPOSE.

configure:3150: $? = 0
configure:3139: gcc -v >&5
Using built-in specs.
COLLECT_GCC=gcc
COLLECT_LTO_WRAPPER=/usr/lib/gcc/x86_64-linux-gnu/4.8/lto-wrapper
Target: x86_64-linux-gnu
Configured with: ../src/configure -v --with-pkgversion='Ubuntu 4.8.4-2ubuntu1~14.04.3' --with-bugurl=file:///usr/share/doc/gcc-4.8/README.Bugs --enable-languages=c,c++,java,go,d,fortran,objc,obj-c++ --prefix=/usr --program-suffix=-4.8 --enable-shared --enable-linker-build-id --libexecdir=/usr/lib --without-included-gettext --enable-threads=posix --with-gxx-include-dir=/usr/include/c++/4.8 --libdir=/usr/lib --enable-nls --with-sysroot=/ --enable-clocale=gnu --enable-libstdcxx-debug --enable-libstdcxx-time=yes --enable-gnu-unique-object --disable-libmudflap --enable-plugin --with-system-zlib --disable-browser-plugin --enable-java-awt=gtk --enable-gtk-cairo --with-java-home=/usr/lib/jvm/java-1.5.0-gcj-4.8-amd64/jre --enable-java-home --with-jvm-root-dir=/usr/lib/jvm/java-1.5.0-gcj-4.8-amd64 --with-jvm-jar-dir=/usr/lib/jvm-exports/java-1.5.0-gcj-4.8-amd64 --with-arch-directory=amd64 --with-ecj-jar=/usr/share/java/eclipse-ecj.jar --enable-objc-gc --enable-multiarch --disable-werror --with-arch-32=i686 --with-abi=m64 --with-multilib-list=m32,m64,mx32 --with-tune=generic --enable-checking=release --build=x86_64-linux-gnu --host=x86_64-linux-gnu --target=x86_64-linux-gnu
Thread model: posix
gcc version 4.8.4 (Ubuntu 4.8.4-2ubuntu1~14.04.3) 
configure:3150: $? = 0
configure:3139: gcc -V >&5
gcc: error: unrecognized command line option '-V'
gcc: fatal error: no input files
compilation terminated.
configure:3150: $? = 4
configure:3139: gcc -qversion >&5
gcc: error: unrecognized command line option '-qversion'
gcc: fatal error: no input files
compilation terminated.
configure:3150: $? = 4
configure:3170: checking whether the C compiler works
configure:3192: gcc   -L/usr/local/lib/x86_64-linux-gnu/ -L/home/zw/work/ubuntu/local/lib/ conftest.c -lfreerdp >&5
configure:3196: $? = 0
configure:3244: result: yes
configure:3247: checking for C compiler default output file name
configure:3249: result: a.out
configure:3255: checking for suffix of executables
configure:3262: gcc -o conftest   -L/usr/local/lib/x86_64-linux-gnu/ -L/home/zw/work/ubuntu/local/lib/ conftest.c -lfreerdp >&5
configure:3266: $? = 0
configure:3288: result: 
configure:3310: checking whether we are cross compiling
configure:3318: gcc -o conftest   -L/usr/local/lib/x86_64-linux-gnu/ -L/home/zw/work/ubuntu/local/lib/ conftest.c -lfreerdp >&5
configure:3322: $? = 0
configure:3329: ./conftest
configure:3333: $? = 0
configure:3348: result: no
configure:3353: checking for suffix of object files
configure:3375: gcc -c   conftest.c >&5
configure:3379: $? = 0
configure:3400: result: o
configure:3404: checking whether we are using the GNU C compiler
configure:3423: gcc -c   conftest.c >&5
configure:3423: $? = 0
configure:3432: result: yes
configure:3441: checking whether gcc accepts -g
configure:3461: gcc -c -g  conftest.c >&5
configure:3461: $? = 0
configure:3502: result: yes
configure:3519: checking for gcc option to accept ISO C89
configure:3582: gcc  -c -g -O2  conftest.c >&5
configure:3582: $? = 0
configure:3595: result: none needed
configure:3620: checking whether gcc understands -c and -o together
configure:3642: gcc -c conftest.c -o conftest2.o
configure:3645: $? = 0
configure:3642: gcc -c conftest.c -o conftest2.o
configure:3645: $? = 0
configure:3657: result: yes
configure:3680: checking how to run the C preprocessor
configure:3711: gcc -E  conftest.c
configure:3711: $? = 0
configure:3725: gcc -E  conftest.c
conftest.c:9:28: fatal error: ac_nonexistent.h: No such file or directory
 #include <ac_nonexistent.h>
                            ^
compilation terminated.
configure:3725: $? = 1
configure: failed program was:
| /* confdefs.h */
| #define PACKAGE_NAME "weston"
| #define PACKAGE_TARNAME "weston"
| #define PACKAGE_VERSION "1.8.0"
| #define PACKAGE_STRING "weston 1.8.0"
| #define PACKAGE_BUGREPORT "https://bugs.freedesktop.org/enter_bug.cgi?product=Wayland&component=weston&version=1.8.0"
| #define PACKAGE_URL "http://wayland.freedesktop.org"
| /* end confdefs.h.  */
| #include <ac_nonexistent.h>
configure:3750: result: gcc -E
configure:3770: gcc -E  conftest.c
configure:3770: $? = 0
configure:3784: gcc -E  conftest.c
conftest.c:9:28: fatal error: ac_nonexistent.h: No such file or directory
 #include <ac_nonexistent.h>
                            ^
compilation terminated.
configure:3784: $? = 1
configure: failed program was:
| /* confdefs.h */
| #define PACKAGE_NAME "weston"
| #define PACKAGE_TARNAME "weston"
| #define PACKAGE_VERSION "1.8.0"
| #define PACKAGE_STRING "weston 1.8.0"
| #define PACKAGE_BUGREPORT "https://bugs.freedesktop.org/enter_bug.cgi?product=Wayland&component=weston&version=1.8.0"
| #define PACKAGE_URL "http://wayland.freedesktop.org"
| /* end confdefs.h.  */
| #include <ac_nonexistent.h>
configure:3813: checking for grep that handles long lines and -e
configure:3871: result: /bin/grep
configure:3876: checking for egrep
configure:3938: result: /bin/grep -E
configure:3943: checking for ANSI C header files
configure:3963: gcc -c -g -O2  conftest.c >&5
configure:3963: $? = 0
configure:4036: gcc -o conftest -g -O2  -L/usr/local/lib/x86_64-linux-gnu/ -L/home/zw/work/ubuntu/local/lib/ conftest.c -lfreerdp >&5
configure:4036: $? = 0
configure:4036: ./conftest
configure:4036: $? = 0
configure:4047: result: yes
configure:4060: checking for sys/types.h
configure:4060: gcc -c -g -O2  conftest.c >&5
configure:4060: $? = 0
configure:4060: result: yes
configure:4060: checking for sys/stat.h
configure:4060: gcc -c -g -O2  conftest.c >&5
configure:4060: $? = 0
configure:4060: result: yes
configure:4060: checking for stdlib.h
configure:4060: gcc -c -g -O2  conftest.c >&5
configure:4060: $? = 0
configure:4060: result: yes
configure:4060: checking for string.h
configure:4060: gcc -c -g -O2  conftest.c >&5
configure:4060: $? = 0
configure:4060: result: yes
configure:4060: checking for memory.h
configure:4060: gcc -c -g -O2  conftest.c >&5
configure:4060: $? = 0
configure:4060: result: yes
configure:4060: checking for strings.h
configure:4060: gcc -c -g -O2  conftest.c >&5
configure:4060: $? = 0
configure:4060: result: yes
configure:4060: checking for inttypes.h
configure:4060: gcc -c -g -O2  conftest.c >&5
configure:4060: $? = 0
configure:4060: result: yes
configure:4060: checking for stdint.h
configure:4060: gcc -c -g -O2  conftest.c >&5
configure:4060: $? = 0
configure:4060: result: yes
configure:4060: checking for unistd.h
configure:4060: gcc -c -g -O2  conftest.c >&5
configure:4060: $? = 0
configure:4060: result: yes
configure:4073: checking minix/config.h usability
configure:4073: gcc -c -g -O2  conftest.c >&5
conftest.c:52:26: fatal error: minix/config.h: No such file or directory
 #include <minix/config.h>
                          ^
compilation terminated.
configure:4073: $? = 1
configure: failed program was:
| /* confdefs.h */
| #define PACKAGE_NAME "weston"
| #define PACKAGE_TARNAME "weston"
| #define PACKAGE_VERSION "1.8.0"
| #define PACKAGE_STRING "weston 1.8.0"
| #define PACKAGE_BUGREPORT "https://bugs.freedesktop.org/enter_bug.cgi?product=Wayland&component=weston&version=1.8.0"
| #define PACKAGE_URL "http://wayland.freedesktop.org"
| #define STDC_HEADERS 1
| #define HAVE_SYS_TYPES_H 1
| #define HAVE_SYS_STAT_H 1
| #define HAVE_STDLIB_H 1
| #define HAVE_STRING_H 1
| #define HAVE_MEMORY_H 1
| #define HAVE_STRINGS_H 1
| #define HAVE_INTTYPES_H 1
| #define HAVE_STDINT_H 1
| #define HAVE_UNISTD_H 1
| /* end confdefs.h.  */
| #include <stdio.h>
| #ifdef HAVE_SYS_TYPES_H
| # include <sys/types.h>
| #endif
| #ifdef HAVE_SYS_STAT_H
| # include <sys/stat.h>
| #endif
| #ifdef STDC_HEADERS
| # include <stdlib.h>
| # include <stddef.h>
| #else
| # ifdef HAVE_STDLIB_H
| #  include <stdlib.h>
| # endif
| #endif
| #ifdef HAVE_STRING_H
| # if !defined STDC_HEADERS && defined HAVE_MEMORY_H
| #  include <memory.h>
| # endif
| # include <string.h>
| #endif
| #ifdef HAVE_STRINGS_H
| # include <strings.h>
| #endif
| #ifdef HAVE_INTTYPES_H
| # include <inttypes.h>
| #endif
| #ifdef HAVE_STDINT_H
| # include <stdint.h>
| #endif
| #ifdef HAVE_UNISTD_H
| # include <unistd.h>
| #endif
| #include <minix/config.h>
configure:4073: result: no
configure:4073: checking minix/config.h presence
configure:4073: gcc -E  conftest.c
conftest.c:19:26: fatal error: minix/config.h: No such file or directory
 #include <minix/config.h>
                          ^
compilation terminated.
configure:4073: $? = 1
configure: failed program was:
| /* confdefs.h */
| #define PACKAGE_NAME "weston"
| #define PACKAGE_TARNAME "weston"
| #define PACKAGE_VERSION "1.8.0"
| #define PACKAGE_STRING "weston 1.8.0"
| #define PACKAGE_BUGREPORT "https://bugs.freedesktop.org/enter_bug.cgi?product=Wayland&component=weston&version=1.8.0"
| #define PACKAGE_URL "http://wayland.freedesktop.org"
| #define STDC_HEADERS 1
| #define HAVE_SYS_TYPES_H 1
| #define HAVE_SYS_STAT_H 1
| #define HAVE_STDLIB_H 1
| #define HAVE_STRING_H 1
| #define HAVE_MEMORY_H 1
| #define HAVE_STRINGS_H 1
| #define HAVE_INTTYPES_H 1
| #define HAVE_STDINT_H 1
| #define HAVE_UNISTD_H 1
| /* end confdefs.h.  */
| #include <minix/config.h>
configure:4073: result: no
configure:4073: checking for minix/config.h
configure:4073: result: no
configure:4094: checking whether it is safe to define __EXTENSIONS__
configure:4112: gcc -c -g -O2  conftest.c >&5
configure:4112: $? = 0
configure:4119: result: yes
configure:4140: checking for special C compiler options needed for large files
configure:4185: result: no
configure:4191: checking for _FILE_OFFSET_BITS value needed for large files
configure:4216: gcc -c -g -O2  conftest.c >&5
configure:4216: $? = 0
configure:4248: result: no
configure:4350: checking for a BSD-compatible install
configure:4418: result: /usr/bin/install -c
configure:4429: checking whether build environment is sane
configure:4484: result: yes
configure:4632: checking for a thread-safe mkdir -p
configure:4671: result: /bin/mkdir -p
configure:4678: checking for gawk
configure:4694: found /usr/bin/gawk
configure:4705: result: gawk
configure:4716: checking whether make sets $(MAKE)
configure:4738: result: yes
configure:4768: checking for style of include used by make
configure:4796: result: GNU
configure:4830: checking whether make supports nested variables
configure:4847: result: yes
configure:4932: checking dependency style of gcc
configure:5043: result: gcc3
configure:5112: checking whether make supports nested variables
configure:5129: result: yes
configure:5190: checking for gcc
configure:5217: result: gcc
configure:5446: checking for C compiler version
configure:5455: gcc --version >&5
gcc (Ubuntu 4.8.4-2ubuntu1~14.04.3) 4.8.4
Copyright (C) 2013 Free Software Foundation, Inc.
This is free software; see the source for copying conditions.  There is NO
warranty; not even for MERCHANTABILITY or FITNESS FOR A PARTICULAR PURPOSE.

configure:5466: $? = 0
configure:5455: gcc -v >&5
Using built-in specs.
COLLECT_GCC=gcc
COLLECT_LTO_WRAPPER=/usr/lib/gcc/x86_64-linux-gnu/4.8/lto-wrapper
Target: x86_64-linux-gnu
Configured with: ../src/configure -v --with-pkgversion='Ubuntu 4.8.4-2ubuntu1~14.04.3' --with-bugurl=file:///usr/share/doc/gcc-4.8/README.Bugs --enable-languages=c,c++,java,go,d,fortran,objc,obj-c++ --prefix=/usr --program-suffix=-4.8 --enable-shared --enable-linker-build-id --libexecdir=/usr/lib --without-included-gettext --enable-threads=posix --with-gxx-include-dir=/usr/include/c++/4.8 --libdir=/usr/lib --enable-nls --with-sysroot=/ --enable-clocale=gnu --enable-libstdcxx-debug --enable-libstdcxx-time=yes --enable-gnu-unique-object --disable-libmudflap --enable-plugin --with-system-zlib --disable-browser-plugin --enable-java-awt=gtk --enable-gtk-cairo --with-java-home=/usr/lib/jvm/java-1.5.0-gcj-4.8-amd64/jre --enable-java-home --with-jvm-root-dir=/usr/lib/jvm/java-1.5.0-gcj-4.8-amd64 --with-jvm-jar-dir=/usr/lib/jvm-exports/java-1.5.0-gcj-4.8-amd64 --with-arch-directory=amd64 --with-ecj-jar=/usr/share/java/eclipse-ecj.jar --enable-objc-gc --enable-multiarch --disable-werror --with-arch-32=i686 --with-abi=m64 --with-multilib-list=m32,m64,mx32 --with-tune=generic --enable-checking=release --build=x86_64-linux-gnu --host=x86_64-linux-gnu --target=x86_64-linux-gnu
Thread model: posix
gcc version 4.8.4 (Ubuntu 4.8.4-2ubuntu1~14.04.3) 
configure:5466: $? = 0
configure:5455: gcc -V >&5
gcc: error: unrecognized command line option '-V'
gcc: fatal error: no input files
compilation terminated.
configure:5466: $? = 4
configure:5455: gcc -qversion >&5
gcc: error: unrecognized command line option '-qversion'
gcc: fatal error: no input files
compilation terminated.
configure:5466: $? = 4
configure:5470: checking whether we are using the GNU C compiler
configure:5498: result: yes
configure:5507: checking whether gcc accepts -g
configure:5568: result: yes
configure:5585: checking for gcc option to accept ISO C89
configure:5661: result: none needed
configure:5686: checking whether gcc understands -c and -o together
configure:5723: result: yes
configure:5740: checking for a sed that does not truncate output
configure:5804: result: /bin/sed
configure:5841: checking build system type
configure:5855: result: x86_64-unknown-linux-gnu
configure:5875: checking host system type
configure:5888: result: x86_64-unknown-linux-gnu
configure:5929: checking how to print strings
configure:5956: result: printf
configure:5977: checking for a sed that does not truncate output
configure:6041: result: /bin/sed
configure:6059: checking for fgrep
configure:6121: result: /bin/grep -F
configure:6156: checking for ld used by gcc
configure:6223: result: /usr/bin/ld
configure:6230: checking if the linker (/usr/bin/ld) is GNU ld
configure:6245: result: yes
configure:6257: checking for BSD- or MS-compatible name lister (nm)
configure:6306: result: /usr/bin/nm -B
configure:6436: checking the name lister (/usr/bin/nm -B) interface
configure:6443: gcc -c -g -O2  conftest.c >&5
configure:6446: /usr/bin/nm -B "conftest.o"
configure:6449: output
0000000000000000 B some_variable
configure:6456: result: BSD nm
configure:6459: checking whether ln -s works
configure:6463: result: yes
configure:6471: checking the maximum length of command line arguments
configure:6602: result: 1572864
configure:6619: checking whether the shell understands some XSI constructs
configure:6629: result: yes
configure:6633: checking whether the shell understands "+="
configure:6639: result: yes
configure:6674: checking how to convert x86_64-unknown-linux-gnu file names to x86_64-unknown-linux-gnu format
configure:6714: result: func_convert_file_noop
configure:6721: checking how to convert x86_64-unknown-linux-gnu file names to toolchain format
configure:6741: result: func_convert_file_noop
configure:6748: checking for /usr/bin/ld option to reload object files
configure:6755: result: -r
configure:6829: checking for objdump
configure:6845: found /usr/bin/objdump
configure:6856: result: objdump
configure:6888: checking how to recognize dependent libraries
configure:7086: result: pass_all
configure:7171: checking for dlltool
configure:7201: result: no
configure:7231: checking how to associate runtime and link libraries
configure:7258: result: printf %s\n
configure:7318: checking for ar
configure:7334: found /usr/bin/ar
configure:7345: result: ar
configure:7382: checking for archiver @FILE support
configure:7399: gcc -c -g -O2  conftest.c >&5
configure:7399: $? = 0
configure:7402: ar cru libconftest.a @conftest.lst >&5
configure:7405: $? = 0
configure:7410: ar cru libconftest.a @conftest.lst >&5
ar: conftest.o: No such file or directory
configure:7413: $? = 1
configure:7425: result: @
configure:7483: checking for strip
configure:7499: found /usr/bin/strip
configure:7510: result: strip
configure:7582: checking for ranlib
configure:7598: found /usr/bin/ranlib
configure:7609: result: ranlib
configure:7711: checking command to parse /usr/bin/nm -B output from gcc object
configure:7831: gcc -c -g -O2  conftest.c >&5
configure:7834: $? = 0
configure:7838: /usr/bin/nm -B conftest.o \| sed -n -e 's/^.*[ ]\([ABCDGIRSTW][ABCDGIRSTW]*\)[ ][ ]*\([_A-Za-z][_A-Za-z0-9]*\)$/\1 \2 \2/p' | sed '/ __gnu_lto/d' \> conftest.nm
configure:7841: $? = 0
configure:7907: gcc -o conftest -g -O2  -L/usr/local/lib/x86_64-linux-gnu/ -L/home/zw/work/ubuntu/local/lib/ conftest.c conftstm.o >&5
configure:7910: $? = 0
configure:7948: result: ok
configure:7985: checking for sysroot
configure:8015: result: no
configure:8092: gcc -c -g -O2  conftest.c >&5
configure:8095: $? = 0
configure:8284: checking for mt
configure:8300: found /bin/mt
configure:8311: result: mt
configure:8334: checking if mt is a manifest tool
configure:8340: mt '-?'
configure:8348: result: no
configure:8987: checking for dlfcn.h
configure:8987: gcc -c -g -O2  conftest.c >&5
configure:8987: $? = 0
configure:8987: result: yes
configure:9192: checking for objdir
configure:9207: result: .libs
configure:9478: checking if gcc supports -fno-rtti -fno-exceptions
configure:9496: gcc -c -g -O2  -fno-rtti -fno-exceptions conftest.c >&5
cc1: warning: command line option '-fno-rtti' is valid for C++/ObjC++ but not for C [enabled by default]
configure:9500: $? = 0
configure:9513: result: no
configure:9840: checking for gcc option to produce PIC
configure:9847: result: -fPIC -DPIC
configure:9855: checking if gcc PIC flag -fPIC -DPIC works
configure:9873: gcc -c -g -O2  -fPIC -DPIC -DPIC conftest.c >&5
configure:9877: $? = 0
configure:9890: result: yes
configure:9919: checking if gcc static flag -static works
configure:9947: result: no
configure:9962: checking if gcc supports -c -o file.o
configure:9983: gcc -c -g -O2  -o out/conftest2.o conftest.c >&5
configure:9987: $? = 0
configure:10009: result: yes
configure:10017: checking if gcc supports -c -o file.o
configure:10064: result: yes
configure:10097: checking whether the gcc linker (/usr/bin/ld -m elf_x86_64) supports shared libraries
configure:11254: result: yes
configure:11291: checking whether -lc should be explicitly linked in
configure:11299: gcc -c -g -O2  conftest.c >&5
configure:11302: $? = 0
configure:11317: gcc -shared  -fPIC -DPIC conftest.o  -v -Wl,-soname -Wl,conftest -o conftest 2\>\&1 \| /bin/grep  -lc  \>/dev/null 2\>\&1
configure:11320: $? = 0
configure:11334: result: no
configure:11494: checking dynamic linker characteristics
configure:11994: gcc -o conftest -g -O2  -L/usr/local/lib/x86_64-linux-gnu/ -L/home/zw/work/ubuntu/local/lib/ -Wl,-rpath -Wl,/foo conftest.c -lfreerdp >&5
configure:11994: $? = 0
configure:12228: result: GNU/Linux ld.so
configure:12335: checking how to hardcode library paths into programs
configure:12360: result: immediate
configure:12900: checking whether stripping libraries is possible
configure:12905: result: yes
configure:12940: checking if libtool supports shared libraries
configure:12942: result: yes
configure:12945: checking whether to build shared libraries
configure:12966: result: yes
configure:12969: checking whether to build static libraries
configure:12973: result: no
configure:13068: checking for pkg-config
configure:13086: found /usr/bin/pkg-config
configure:13098: result: /usr/bin/pkg-config
configure:13123: checking pkg-config is at least version 0.9.0
configure:13126: result: yes
configure:13135: checking for dlopen
configure:13135: gcc -o conftest -g -O2  -L/usr/local/lib/x86_64-linux-gnu/ -L/home/zw/work/ubuntu/local/lib/ conftest.c -lfreerdp >&5
/tmp/cck9CUhx.o: In function `main':
/home/zw/work/ubuntu/weston-1.8.0/conftest.c:62: undefined reference to `dlopen'
collect2: error: ld returned 1 exit status
configure:13135: $? = 1
configure: failed program was:
| /* confdefs.h */
| #define PACKAGE_NAME "weston"
| #define PACKAGE_TARNAME "weston"
| #define PACKAGE_VERSION "1.8.0"
| #define PACKAGE_STRING "weston 1.8.0"
| #define PACKAGE_BUGREPORT "https://bugs.freedesktop.org/enter_bug.cgi?product=Wayland&component=weston&version=1.8.0"
| #define PACKAGE_URL "http://wayland.freedesktop.org"
| #define STDC_HEADERS 1
| #define HAVE_SYS_TYPES_H 1
| #define HAVE_SYS_STAT_H 1
| #define HAVE_STDLIB_H 1
| #define HAVE_STRING_H 1
| #define HAVE_MEMORY_H 1
| #define HAVE_STRINGS_H 1
| #define HAVE_INTTYPES_H 1
| #define HAVE_STDINT_H 1
| #define HAVE_UNISTD_H 1
| #define __EXTENSIONS__ 1
| #define _ALL_SOURCE 1
| #define _GNU_SOURCE 1
| #define _POSIX_PTHREAD_SEMANTICS 1
| #define _TANDEM_SOURCE 1
| #define PACKAGE "weston"
| #define VERSION "1.8.0"
| #define HAVE_DLFCN_H 1
| #define LT_OBJDIR ".libs/"
| /* end confdefs.h.  */
| /* Define dlopen to an innocuous variant, in case <limits.h> declares dlopen.
|    For example, HP-UX 11i <limits.h> declares gettimeofday.  */
| #define dlopen innocuous_dlopen
| 
| /* System header to define __stub macros and hopefully few prototypes,
|     which can conflict with char dlopen (); below.
|     Prefer <limits.h> to <assert.h> if __STDC__ is defined, since
|     <limits.h> exists even on freestanding compilers.  */
| 
| #ifdef __STDC__
| # include <limits.h>
| #else
| # include <assert.h>
| #endif
| 
| #undef dlopen
| 
| /* Override any GCC internal prototype to avoid an error.
|    Use char because int might match the return type of a GCC
|    builtin and then its argument prototype would still apply.  */
| #ifdef __cplusplus
| extern "C"
| #endif
| char dlopen ();
| /* The GNU C library defines this for functions which it implements
|     to always fail with ENOSYS.  Some functions are actually named
|     something starting with __ and the normal name is an alias.  */
| #if defined __stub_dlopen || defined __stub___dlopen
| choke me
| #endif
| 
| int
| main ()
| {
| return dlopen ();
|   ;
|   return 0;
| }
configure:13135: result: no
configure:13139: checking for dlopen in -ldl
configure:13164: gcc -o conftest -g -O2  -L/usr/local/lib/x86_64-linux-gnu/ -L/home/zw/work/ubuntu/local/lib/ conftest.c -ldl  -lfreerdp >&5
configure:13164: $? = 0
configure:13173: result: yes
configure:13183: checking whether SFD_CLOEXEC is declared
configure:13183: gcc -c -g -O2  conftest.c >&5
configure:13183: $? = 0
configure:13183: result: yes
configure:13191: checking whether TFD_CLOEXEC is declared
configure:13191: gcc -c -g -O2  conftest.c >&5
configure:13191: $? = 0
configure:13191: result: yes
configure:13199: checking whether CLOCK_MONOTONIC is declared
configure:13199: gcc -c -g -O2  conftest.c >&5
configure:13199: $? = 0
configure:13199: result: yes
configure:13209: checking execinfo.h usability
configure:13209: gcc -c -g -O2  conftest.c >&5
configure:13209: $? = 0
configure:13209: result: yes
configure:13209: checking execinfo.h presence
configure:13209: gcc -E  conftest.c
configure:13209: $? = 0
configure:13209: result: yes
configure:13209: checking for execinfo.h
configure:13209: result: yes
configure:13223: checking for mkostemp
configure:13223: gcc -o conftest -g -O2  -L/usr/local/lib/x86_64-linux-gnu/ -L/home/zw/work/ubuntu/local/lib/ conftest.c -lfreerdp >&5
configure:13223: $? = 0
configure:13223: result: yes
configure:13223: checking for strchrnul
configure:13223: gcc -o conftest -g -O2  -L/usr/local/lib/x86_64-linux-gnu/ -L/home/zw/work/ubuntu/local/lib/ conftest.c -lfreerdp >&5
configure:13223: $? = 0
configure:13223: result: yes
configure:13223: checking for initgroups
configure:13223: gcc -o conftest -g -O2  -L/usr/local/lib/x86_64-linux-gnu/ -L/home/zw/work/ubuntu/local/lib/ conftest.c -lfreerdp >&5
configure:13223: $? = 0
configure:13223: result: yes
configure:13223: checking for posix_fallocate
configure:13223: gcc -o conftest -g -O2  -L/usr/local/lib/x86_64-linux-gnu/ -L/home/zw/work/ubuntu/local/lib/ conftest.c -lfreerdp >&5
configure:13223: $? = 0
configure:13223: result: yes
configure:13256: checking for EGL
configure:13263: $PKG_CONFIG --exists --print-errors "egl >= 7.10 glesv2"
configure:13266: $? = 0
configure:13280: $PKG_CONFIG --exists --print-errors "egl >= 7.10 glesv2"
configure:13283: $? = 0
configure:13341: result: yes
configure:13347: checking for EGL_TESTS
configure:13354: $PKG_CONFIG --exists --print-errors "egl >= 7.10 glesv2 wayland-client wayland-egl"
configure:13357: $? = 0
configure:13371: $PKG_CONFIG --exists --print-errors "egl >= 7.10 glesv2 wayland-client wayland-egl"
configure:13374: $? = 0
configure:13432: result: yes
configure:13502: checking for XWAYLAND
configure:13509: $PKG_CONFIG --exists --print-errors "xcb xcb-xfixes xcb-composite xcursor cairo-xcb"
configure:13512: $? = 0
configure:13526: $PKG_CONFIG --exists --print-errors "xcb xcb-xfixes xcb-composite xcursor cairo-xcb"
configure:13529: $? = 0
configure:13587: result: yes
configure:13607: checking for XWAYLAND_TEST
configure:13614: $PKG_CONFIG --exists --print-errors "x11"
configure:13617: $? = 0
configure:13631: $PKG_CONFIG --exists --print-errors "x11"
configure:13634: $? = 0
configure:13692: result: yes
configure:13701: checking for LIBDRM
configure:13708: $PKG_CONFIG --exists --print-errors "libdrm"
configure:13711: $? = 0
configure:13725: $PKG_CONFIG --exists --print-errors "libdrm"
configure:13728: $? = 0
configure:13766: result: yes
configure:13791: checking for XCB
configure:13798: $PKG_CONFIG --exists --print-errors "xcb"
configure:13801: $? = 0
configure:13815: $PKG_CONFIG --exists --print-errors "xcb"
configure:13818: $? = 0
configure:13876: result: yes
configure:13886: checking for xcb_poll_for_queued_event
configure:13886: gcc -o conftest    -L/usr/local/lib/x86_64-linux-gnu/ -L/home/zw/work/ubuntu/local/lib/ conftest.c -lxcb   >&5
configure:13886: $? = 0
configure:13886: result: yes
configure:13902: checking for X11_COMPOSITOR_XKB
configure:13909: $PKG_CONFIG --exists --print-errors "xcb-xkb"
Package xcb-xkb was not found in the pkg-config search path.
Perhaps you should add the directory containing `xcb-xkb.pc'
to the PKG_CONFIG_PATH environment variable
No package 'xcb-xkb' found
configure:13912: $? = 1
configure:13926: $PKG_CONFIG --exists --print-errors "xcb-xkb"
Package xcb-xkb was not found in the pkg-config search path.
Perhaps you should add the directory containing `xcb-xkb.pc'
to the PKG_CONFIG_PATH environment variable
No package 'xcb-xkb' found
configure:13929: $? = 1
configure:13943: result: no
No package 'xcb-xkb' found
configure:13995: checking for X11_COMPOSITOR
configure:14002: $PKG_CONFIG --exists --print-errors "$X11_COMPOSITOR_MODULES"
configure:14005: $? = 0
configure:14019: $PKG_CONFIG --exists --print-errors "$X11_COMPOSITOR_MODULES"
configure:14022: $? = 0
configure:14080: result: yes
configure:14111: checking for DRM_COMPOSITOR
configure:14118: $PKG_CONFIG --exists --print-errors "libudev >= 136 libdrm >= 2.4.30 gbm mtdev >= 1.1.0"
configure:14121: $? = 0
configure:14135: $PKG_CONFIG --exists --print-errors "libudev >= 136 libdrm >= 2.4.30 gbm mtdev >= 1.1.0"
configure:14138: $? = 0
configure:14196: result: yes
configure:14205: checking for LIBINPUT_BACKEND
configure:14212: $PKG_CONFIG --exists --print-errors "libinput >= 0.8.0"
configure:14215: $? = 0
configure:14229: $PKG_CONFIG --exists --print-errors "libinput >= 0.8.0"
configure:14232: $? = 0
configure:14290: result: yes
configure:14296: checking for COMPOSITOR
configure:14303: $PKG_CONFIG --exists --print-errors "$COMPOSITOR_MODULES"
configure:14306: $? = 0
configure:14320: $PKG_CONFIG --exists --print-errors "$COMPOSITOR_MODULES"
configure:14323: $? = 0
configure:14381: result: yes
configure:14407: checking for WAYLAND_COMPOSITOR
configure:14414: $PKG_CONFIG --exists --print-errors "wayland-client >= 1.5.91 wayland-egl wayland-cursor"
configure:14417: $? = 0
configure:14431: $PKG_CONFIG --exists --print-errors "wayland-client >= 1.5.91 wayland-egl wayland-cursor"
configure:14434: $? = 0
configure:14492: result: yes
configure:14543: checking for RPI_COMPOSITOR
configure:14550: $PKG_CONFIG --exists --print-errors "libudev >= 136 mtdev >= 1.1.0"
configure:14553: $? = 0
configure:14567: $PKG_CONFIG --exists --print-errors "libudev >= 136 mtdev >= 1.1.0"
configure:14570: $? = 0
configure:14628: result: yes
configure:14634: checking for RPI_BCM_HOST
configure:14641: $PKG_CONFIG --exists --print-errors "bcm_host"
Package bcm_host was not found in the pkg-config search path.
Perhaps you should add the directory containing `bcm_host.pc'
to the PKG_CONFIG_PATH environment variable
No package 'bcm_host' found
configure:14644: $? = 1
configure:14658: $PKG_CONFIG --exists --print-errors "bcm_host"
Package bcm_host was not found in the pkg-config search path.
Perhaps you should add the directory containing `bcm_host.pc'
to the PKG_CONFIG_PATH environment variable
No package 'bcm_host' found
configure:14661: $? = 1
configure:14675: result: no
No package 'bcm_host' found
configure:14691: WARNING: Raspberry Pi BCM host libraries not found, will use stubs instead.
configure:14741: checking for FBDEV_COMPOSITOR
configure:14748: $PKG_CONFIG --exists --print-errors "libudev >= 136 mtdev >= 1.1.0"
configure:14751: $? = 0
configure:14765: $PKG_CONFIG --exists --print-errors "libudev >= 136 mtdev >= 1.1.0"
configure:14768: $? = 0
configure:14826: result: yes
configure:14854: checking for RDP_COMPOSITOR
configure:14939: result: yes
configure:14948: checking freerdp/version.h usability
configure:14948: gcc -c -g -O2  -I/usr/local/include/freerdp -I/usr/local/include/winpr conftest.c >&5
In file included from /usr/include/stdlib.h:42:0,
                 from /usr/local/include/winpr/platform.h:23,
                 from /usr/local/include/winpr/spec.h:23,
                 from /usr/local/include/winpr/wtypes.h:29,
                 from /usr/local/include/winpr/endian.h:24,
                 from /usr/include/x86_64-linux-gnu/sys/types.h:216,
                 from conftest.c:47:
/usr/include/x86_64-linux-gnu/bits/waitstatus.h:79:15: error: duplicate member '__w_retcode'
  unsigned int __w_retcode:8;
               ^
/usr/include/x86_64-linux-gnu/bits/waitstatus.h:80:15: error: duplicate member '__w_coredump'
  unsigned int __w_coredump:1;
               ^
/usr/include/x86_64-linux-gnu/bits/waitstatus.h:81:15: error: duplicate member '__w_termsig'
  unsigned int __w_termsig:7;
               ^
/usr/include/x86_64-linux-gnu/bits/waitstatus.h:93:15: error: duplicate member '__w_stopsig'
  unsigned int __w_stopsig:8; /* Stopping signal.  */
               ^
/usr/include/x86_64-linux-gnu/bits/waitstatus.h:94:15: error: duplicate member '__w_stopval'
  unsigned int __w_stopval:8; /* W_STOPPED if stopped.  */
               ^
configure:14948: $? = 1
configure: failed program was:
| /* confdefs.h */
| #define PACKAGE_NAME "weston"
| #define PACKAGE_TARNAME "weston"
| #define PACKAGE_VERSION "1.8.0"
| #define PACKAGE_STRING "weston 1.8.0"
| #define PACKAGE_BUGREPORT "https://bugs.freedesktop.org/enter_bug.cgi?product=Wayland&component=weston&version=1.8.0"
| #define PACKAGE_URL "http://wayland.freedesktop.org"
| #define STDC_HEADERS 1
| #define HAVE_SYS_TYPES_H 1
| #define HAVE_SYS_STAT_H 1
| #define HAVE_STDLIB_H 1
| #define HAVE_STRING_H 1
| #define HAVE_MEMORY_H 1
| #define HAVE_STRINGS_H 1
| #define HAVE_INTTYPES_H 1
| #define HAVE_STDINT_H 1
| #define HAVE_UNISTD_H 1
| #define __EXTENSIONS__ 1
| #define _ALL_SOURCE 1
| #define _GNU_SOURCE 1
| #define _POSIX_PTHREAD_SEMANTICS 1
| #define _TANDEM_SOURCE 1
| #define PACKAGE "weston"
| #define VERSION "1.8.0"
| #define HAVE_DLFCN_H 1
| #define LT_OBJDIR ".libs/"
| #define HAVE_EXECINFO_H 1
| #define HAVE_MKOSTEMP 1
| #define HAVE_STRCHRNUL 1
| #define HAVE_INITGROUPS 1
| #define HAVE_POSIX_FALLOCATE 1
| #define ENABLE_EGL 1
| #define ENABLE_XKBCOMMON 1
| #define BUILD_XWAYLAND 1
| #define HAVE_LIBDRM 1
| #define HAVE_XCB_POLL_FOR_QUEUED_EVENT 1
| #define BUILD_X11_COMPOSITOR 1
| #define BUILD_DRM_COMPOSITOR 1
| #define BUILD_WAYLAND_COMPOSITOR 1
| #define BUILD_HEADLESS_COMPOSITOR 1
| #define BUILD_RPI_COMPOSITOR 1
| #define BUILD_FBDEV_COMPOSITOR 1
| #define BUILD_RDP_COMPOSITOR 1
| /* end confdefs.h.  */
| #include <stdio.h>
| #ifdef HAVE_SYS_TYPES_H
| # include <sys/types.h>
| #endif
| #ifdef HAVE_SYS_STAT_H
| # include <sys/stat.h>
| #endif
| #ifdef STDC_HEADERS
| # include <stdlib.h>
| # include <stddef.h>
| #else
| # ifdef HAVE_STDLIB_H
| #  include <stdlib.h>
| # endif
| #endif
| #ifdef HAVE_STRING_H
| # if !defined STDC_HEADERS && defined HAVE_MEMORY_H
| #  include <memory.h>
| # endif
| # include <string.h>
| #endif
| #ifdef HAVE_STRINGS_H
| # include <strings.h>
| #endif
| #ifdef HAVE_INTTYPES_H
| # include <inttypes.h>
| #endif
| #ifdef HAVE_STDINT_H
| # include <stdint.h>
| #endif
| #ifdef HAVE_UNISTD_H
| # include <unistd.h>
| #endif
| #include <freerdp/version.h>
configure:14948: result: no
configure:14948: checking freerdp/version.h presence
configure:14948: gcc -E  -I/usr/local/include/freerdp -I/usr/local/include/winpr conftest.c
configure:14948: $? = 0
configure:14948: result: yes
configure:14948: WARNING: freerdp/version.h: present but cannot be compiled
configure:14948: WARNING: freerdp/version.h:     check for missing prerequisite headers?
configure:14948: WARNING: freerdp/version.h: see the Autoconf documentation
configure:14948: WARNING: freerdp/version.h:     section "Present But Cannot Be Compiled"
configure:14948: WARNING: freerdp/version.h: proceeding with the compiler's result
configure:14948: checking for freerdp/version.h
configure:14948: result: no
configure:15122: checking for PIXMAN
configure:15129: $PKG_CONFIG --exists --print-errors "pixman-1"
configure:15132: $? = 0
configure:15146: $PKG_CONFIG --exists --print-errors "pixman-1"
configure:15149: $? = 0
configure:15207: result: yes
configure:15213: checking for PNG
configure:15220: $PKG_CONFIG --exists --print-errors "libpng"
configure:15223: $? = 0
configure:15237: $PKG_CONFIG --exists --print-errors "libpng"
configure:15240: $? = 0
configure:15298: result: yes
configure:15304: checking for WEBP
configure:15311: $PKG_CONFIG --exists --print-errors "libwebp"
Package libwebp was not found in the pkg-config search path.
Perhaps you should add the directory containing `libwebp.pc'
to the PKG_CONFIG_PATH environment variable
No package 'libwebp' found
configure:15314: $? = 1
configure:15328: $PKG_CONFIG --exists --print-errors "libwebp"
Package libwebp was not found in the pkg-config search path.
Perhaps you should add the directory containing `libwebp.pc'
to the PKG_CONFIG_PATH environment variable
No package 'libwebp' found
configure:15331: $? = 1
configure:15345: result: no
No package 'libwebp' found
configure:15389: checking for LIBVA
configure:15396: $PKG_CONFIG --exists --print-errors "libva >= 0.34.0 libva-drm >= 0.34.0"
configure:15399: $? = 0
configure:15413: $PKG_CONFIG --exists --print-errors "libva >= 0.34.0 libva-drm >= 0.34.0"
configure:15416: $? = 0
configure:15454: result: yes
configure:15477: checking for jpeg_CreateDecompress in -ljpeg
configure:15502: gcc -o conftest -g -O2  -L/usr/local/lib/x86_64-linux-gnu/ -L/home/zw/work/ubuntu/local/lib/ conftest.c -ljpeg  -lfreerdp >&5
configure:15502: $? = 0
configure:15511: result: yes
configure:15526: checking for CAIRO
configure:15533: $PKG_CONFIG --exists --print-errors "cairo"
configure:15536: $? = 0
configure:15550: $PKG_CONFIG --exists --print-errors "cairo"
configure:15553: $? = 0
configure:15611: result: yes
configure:15618: checking for TEST_CLIENT
configure:15625: $PKG_CONFIG --exists --print-errors "wayland-client >= 1.8.0"
configure:15628: $? = 0
configure:15642: $PKG_CONFIG --exists --print-errors "wayland-client >= 1.8.0"
configure:15645: $? = 0
configure:15703: result: yes
configure:15726: checking for SIMPLE_CLIENT
configure:15733: $PKG_CONFIG --exists --print-errors "wayland-client"
configure:15736: $? = 0
configure:15750: $PKG_CONFIG --exists --print-errors "wayland-client"
configure:15753: $? = 0
configure:15811: result: yes
configure:15835: checking for SIMPLE_EGL_CLIENT
configure:15842: $PKG_CONFIG --exists --print-errors "egl >= 7.10 glesv2 wayland-client wayland-egl wayland-cursor"
configure:15845: $? = 0
configure:15859: $PKG_CONFIG --exists --print-errors "egl >= 7.10 glesv2 wayland-client wayland-egl wayland-cursor"
configure:15862: $? = 0
configure:15920: result: yes
configure:15948: checking for CLIENT
configure:15955: $PKG_CONFIG --exists --print-errors "wayland-client >= 1.5.91 cairo >= 1.10.0 xkbcommon wayland-cursor"
configure:15958: $? = 0
configure:15972: $PKG_CONFIG --exists --print-errors "wayland-client >= 1.5.91 cairo >= 1.10.0 xkbcommon wayland-cursor"
configure:15975: $? = 0
configure:16033: result: yes
configure:16039: checking for SERVER
configure:16046: $PKG_CONFIG --exists --print-errors "wayland-server"
configure:16049: $? = 0
configure:16063: $PKG_CONFIG --exists --print-errors "wayland-server"
configure:16066: $? = 0
configure:16124: result: yes
configure:16130: checking for WESTON_INFO
configure:16137: $PKG_CONFIG --exists --print-errors "wayland-client >= 1.5.91"
configure:16140: $? = 0
configure:16154: $PKG_CONFIG --exists --print-errors "wayland-client >= 1.5.91"
configure:16157: $? = 0
configure:16215: result: yes
configure:16307: checking for PANGO
configure:16314: $PKG_CONFIG --exists --print-errors "pangocairo"
configure:16317: $? = 0
configure:16331: $PKG_CONFIG --exists --print-errors "pangocairo"
configure:16334: $? = 0
configure:16372: result: yes
configure:16393: checking for SYSTEMD_LOGIN
configure:16400: $PKG_CONFIG --exists --print-errors "libsystemd-login >= 198"
Package libsystemd-login was not found in the pkg-config search path.
Perhaps you should add the directory containing `libsystemd-login.pc'
to the PKG_CONFIG_PATH environment variable
No package 'libsystemd-login' found
configure:16403: $? = 1
configure:16417: $PKG_CONFIG --exists --print-errors "libsystemd-login >= 198"
Package libsystemd-login was not found in the pkg-config search path.
Perhaps you should add the directory containing `libsystemd-login.pc'
to the PKG_CONFIG_PATH environment variable
No package 'libsystemd-login' found
configure:16420: $? = 1
configure:16434: result: no
No package 'libsystemd-login' found
configure:16478: checking for SYSTEMD_LOGIN_209
configure:16485: $PKG_CONFIG --exists --print-errors "libsystemd-login >= 209"
Package libsystemd-login was not found in the pkg-config search path.
Perhaps you should add the directory containing `libsystemd-login.pc'
to the PKG_CONFIG_PATH environment variable
No package 'libsystemd-login' found
configure:16488: $? = 1
configure:16502: $PKG_CONFIG --exists --print-errors "libsystemd-login >= 209"
Package libsystemd-login was not found in the pkg-config search path.
Perhaps you should add the directory containing `libsystemd-login.pc'
to the PKG_CONFIG_PATH environment variable
No package 'libsystemd-login' found
configure:16505: $? = 1
configure:16519: result: no
No package 'libsystemd-login' found
configure:16569: checking for pam_open_session in -lpam
configure:16594: gcc -o conftest -g -O2  -L/usr/local/lib/x86_64-linux-gnu/ -L/home/zw/work/ubuntu/local/lib/ conftest.c -lpam  -lfreerdp >&5
configure:16594: $? = 0
configure:16603: result: yes
configure:16621: checking for GLU
configure:16628: $PKG_CONFIG --exists --print-errors "glu"
configure:16631: $? = 0
configure:16645: $PKG_CONFIG --exists --print-errors "glu"
configure:16648: $? = 0
configure:16686: result: yes
configure:16772: checking for COLORD
configure:16779: $PKG_CONFIG --exists --print-errors "colord >= 0.1.27"
Package colord was not found in the pkg-config search path.
Perhaps you should add the directory containing `colord.pc'
to the PKG_CONFIG_PATH environment variable
No package 'colord' found
configure:16782: $? = 1
configure:16796: $PKG_CONFIG --exists --print-errors "colord >= 0.1.27"
Package colord was not found in the pkg-config search path.
Perhaps you should add the directory containing `colord.pc'
to the PKG_CONFIG_PATH environment variable
No package 'colord' found
configure:16799: $? = 1
configure:16813: result: no
No package 'colord' found
configure:16868: checking for DBUS
configure:16875: $PKG_CONFIG --exists --print-errors "dbus-1 >= 1.6"
configure:16878: $? = 0
configure:16892: $PKG_CONFIG --exists --print-errors "dbus-1 >= 1.6"
configure:16895: $? = 0
configure:16933: result: yes
configure:16996: checking for WCAP
configure:17003: $PKG_CONFIG --exists --print-errors "cairo"
configure:17006: $? = 0
configure:17020: $PKG_CONFIG --exists --print-errors "cairo"
configure:17023: $? = 0
configure:17081: result: yes
configure:17090: checking for SETBACKLIGHT
configure:17097: $PKG_CONFIG --exists --print-errors "libudev libdrm"
configure:17100: $? = 0
configure:17114: $PKG_CONFIG --exists --print-errors "libudev libdrm"
configure:17117: $? = 0
configure:17155: result: yes
configure:17193: checking for LIBUNWIND
configure:17200: $PKG_CONFIG --exists --print-errors "libunwind"
Package libunwind was not found in the pkg-config search path.
Perhaps you should add the directory containing `libunwind.pc'
to the PKG_CONFIG_PATH environment variable
No package 'libunwind' found
configure:17203: $? = 1
configure:17217: $PKG_CONFIG --exists --print-errors "libunwind"
Package libunwind was not found in the pkg-config search path.
Perhaps you should add the directory containing `libunwind.pc'
to the PKG_CONFIG_PATH environment variable
No package 'libunwind' found
configure:17220: $? = 1
configure:17234: result: no
No package 'libunwind' found
configure:17277: Weston's native backend: drm-backend.so
configure:17288: Weston's default desktop shell client: weston-desktop-shell
configure:17314: checking for LCMS
configure:17321: $PKG_CONFIG --exists --print-errors "lcms2"
Package lcms2 was not found in the pkg-config search path.
Perhaps you should add the directory containing `lcms2.pc'
to the PKG_CONFIG_PATH environment variable
No package 'lcms2' found
configure:17324: $? = 1
configure:17338: $PKG_CONFIG --exists --print-errors "lcms2"
Package lcms2 was not found in the pkg-config search path.
Perhaps you should add the directory containing `lcms2.pc'
to the PKG_CONFIG_PATH environment variable
No package 'lcms2' found
configure:17341: $? = 1
configure:17355: result: no
No package 'lcms2' found
configure:17399: checking for wayland-scanner
configure:17417: found /usr/bin/wayland-scanner
configure:17429: result: /usr/bin/wayland-scanner
configure:17653: checking that generated files are newer than configure
configure:17659: result: done
configure:17822: creating ./config.status

## ---------------------- ##
## Running config.status. ##
## ---------------------- ##

This file was extended by weston config.status 1.8.0, which was
generated by GNU Autoconf 2.69.  Invocation command line was

  CONFIG_FILES    = 
  CONFIG_HEADERS  = 
  CONFIG_LINKS    = 
  CONFIG_COMMANDS = 
  $ ./config.status 

on zw-OptiPlex-3020

config.status:1283: creating Makefile
config.status:1283: creating src/version.h
config.status:1283: creating src/weston.pc
config.status:1283: creating config.h
config.status:1512: executing depfiles commands
config.status:1512: executing libtool commands
configure:20045: WARNING: unrecognized options: --disable-documentation
configure:20093: result:
	Native Backend			drm-backend.so
	setuid Install			yes

	Cairo Renderer			image
	EGL				yes
	libxkbcommon			yes
	xcb_xkb				no
	XWayland			yes
	dbus				yes

	ivi-shell			yes

	Build wcap utility		yes
	Build Fullscreen Shell		yes

	weston-launch utility		yes
	systemd-login support		no

	DRM Compositor			yes
	X11 Compositor			yes
	Wayland Compositor		yes
	Headless Compositor		yes
	RPI Compositor			yes
	FBDEV Compositor		yes
	RDP Compositor			yes
	Screen Sharing			no

	Raspberry Pi BCM headers	no

	Build Clients			yes
	Build EGL Clients		no
	Build Simple Clients		yes
	Build Simple EGL Clients	yes

	Install Demo Clients		no

	Colord Support			no
	GLU Support			yes
	LCMS2 Support			no
	libwebp Support			no
	libunwind Support		no
	VA H.264 encoding Support	yes


## ---------------- ##
## Cache variables. ##
## ---------------- ##

ac_cv_build=x86_64-unknown-linux-gnu
ac_cv_c_compiler_gnu=yes
ac_cv_env_CAIRO_CFLAGS_set=
ac_cv_env_CAIRO_CFLAGS_value=
ac_cv_env_CAIRO_EGL_CFLAGS_set=
ac_cv_env_CAIRO_EGL_CFLAGS_value=
ac_cv_env_CAIRO_EGL_LIBS_set=
ac_cv_env_CAIRO_EGL_LIBS_value=
ac_cv_env_CAIRO_LIBS_set=
ac_cv_env_CAIRO_LIBS_value=
ac_cv_env_CC_set=
ac_cv_env_CC_value=
ac_cv_env_CFLAGS_set=
ac_cv_env_CFLAGS_value=
ac_cv_env_CLIENT_CFLAGS_set=
ac_cv_env_CLIENT_CFLAGS_value=
ac_cv_env_CLIENT_LIBS_set=
ac_cv_env_CLIENT_LIBS_value=
ac_cv_env_COLORD_CFLAGS_set=
ac_cv_env_COLORD_CFLAGS_value=
ac_cv_env_COLORD_LIBS_set=
ac_cv_env_COLORD_LIBS_value=
ac_cv_env_COMPOSITOR_CFLAGS_set=
ac_cv_env_COMPOSITOR_CFLAGS_value=
ac_cv_env_COMPOSITOR_LIBS_set=
ac_cv_env_COMPOSITOR_LIBS_value=
ac_cv_env_CPPFLAGS_set=
ac_cv_env_CPPFLAGS_value=
ac_cv_env_CPP_set=
ac_cv_env_CPP_value=
ac_cv_env_DBUS_CFLAGS_set=
ac_cv_env_DBUS_CFLAGS_value=
ac_cv_env_DBUS_LIBS_set=
ac_cv_env_DBUS_LIBS_value=
ac_cv_env_DRM_COMPOSITOR_CFLAGS_set=
ac_cv_env_DRM_COMPOSITOR_CFLAGS_value=
ac_cv_env_DRM_COMPOSITOR_LIBS_set=
ac_cv_env_DRM_COMPOSITOR_LIBS_value=
ac_cv_env_EGL_CFLAGS_set=
ac_cv_env_EGL_CFLAGS_value=
ac_cv_env_EGL_LIBS_set=
ac_cv_env_EGL_LIBS_value=
ac_cv_env_EGL_TESTS_CFLAGS_set=
ac_cv_env_EGL_TESTS_CFLAGS_value=
ac_cv_env_EGL_TESTS_LIBS_set=
ac_cv_env_EGL_TESTS_LIBS_value=
ac_cv_env_FBDEV_COMPOSITOR_CFLAGS_set=
ac_cv_env_FBDEV_COMPOSITOR_CFLAGS_value=
ac_cv_env_FBDEV_COMPOSITOR_LIBS_set=
ac_cv_env_FBDEV_COMPOSITOR_LIBS_value=
ac_cv_env_GLU_CFLAGS_set=
ac_cv_env_GLU_CFLAGS_value=
ac_cv_env_GLU_LIBS_set=
ac_cv_env_GLU_LIBS_value=
ac_cv_env_LCMS_CFLAGS_set=
ac_cv_env_LCMS_CFLAGS_value=
ac_cv_env_LCMS_LIBS_set=
ac_cv_env_LCMS_LIBS_value=
ac_cv_env_LDFLAGS_set=set
ac_cv_env_LDFLAGS_value='-L/usr/local/lib/x86_64-linux-gnu/ -L/home/zw/work/ubuntu/local/lib/'
ac_cv_env_LIBDRM_CFLAGS_set=
ac_cv_env_LIBDRM_CFLAGS_value=
ac_cv_env_LIBDRM_LIBS_set=
ac_cv_env_LIBDRM_LIBS_value=
ac_cv_env_LIBINPUT_BACKEND_CFLAGS_set=
ac_cv_env_LIBINPUT_BACKEND_CFLAGS_value=
ac_cv_env_LIBINPUT_BACKEND_LIBS_set=
ac_cv_env_LIBINPUT_BACKEND_LIBS_value=
ac_cv_env_LIBS_set=set
ac_cv_env_LIBS_value=-lfreerdp
ac_cv_env_LIBUNWIND_CFLAGS_set=
ac_cv_env_LIBUNWIND_CFLAGS_value=
ac_cv_env_LIBUNWIND_LIBS_set=
ac_cv_env_LIBUNWIND_LIBS_value=
ac_cv_env_LIBVA_CFLAGS_set=
ac_cv_env_LIBVA_CFLAGS_value=
ac_cv_env_LIBVA_LIBS_set=
ac_cv_env_LIBVA_LIBS_value=
ac_cv_env_PANGO_CFLAGS_set=
ac_cv_env_PANGO_CFLAGS_value=
ac_cv_env_PANGO_LIBS_set=
ac_cv_env_PANGO_LIBS_value=
ac_cv_env_PIXMAN_CFLAGS_set=
ac_cv_env_PIXMAN_CFLAGS_value=
ac_cv_env_PIXMAN_LIBS_set=
ac_cv_env_PIXMAN_LIBS_value=
ac_cv_env_PKG_CONFIG_LIBDIR_set=
ac_cv_env_PKG_CONFIG_LIBDIR_value=
ac_cv_env_PKG_CONFIG_PATH_set=set
ac_cv_env_PKG_CONFIG_PATH_value=/home/zw/work/ubuntu/local/lib/pkgconfig
ac_cv_env_PKG_CONFIG_set=
ac_cv_env_PKG_CONFIG_value=
ac_cv_env_PNG_CFLAGS_set=
ac_cv_env_PNG_CFLAGS_value=
ac_cv_env_PNG_LIBS_set=
ac_cv_env_PNG_LIBS_value=
ac_cv_env_RDP_COMPOSITOR_CFLAGS_set=set
ac_cv_env_RDP_COMPOSITOR_CFLAGS_value='-I/usr/local/include/freerdp -I/usr/local/include/winpr'
ac_cv_env_RDP_COMPOSITOR_LIBS_set=set
ac_cv_env_RDP_COMPOSITOR_LIBS_value=/usr/local/lib/x86_64-linux-gnu/libfreerdp.so
ac_cv_env_RPI_BCM_HOST_CFLAGS_set=
ac_cv_env_RPI_BCM_HOST_CFLAGS_value=
ac_cv_env_RPI_BCM_HOST_LIBS_set=
ac_cv_env_RPI_BCM_HOST_LIBS_value=
ac_cv_env_RPI_COMPOSITOR_CFLAGS_set=
ac_cv_env_RPI_COMPOSITOR_CFLAGS_value=
ac_cv_env_RPI_COMPOSITOR_LIBS_set=
ac_cv_env_RPI_COMPOSITOR_LIBS_value=
ac_cv_env_SCREEN_SHARE_CFLAGS_set=
ac_cv_env_SCREEN_SHARE_CFLAGS_value=
ac_cv_env_SCREEN_SHARE_LIBS_set=
ac_cv_env_SCREEN_SHARE_LIBS_value=
ac_cv_env_SERVER_CFLAGS_set=
ac_cv_env_SERVER_CFLAGS_value=
ac_cv_env_SERVER_LIBS_set=
ac_cv_env_SERVER_LIBS_value=
ac_cv_env_SETBACKLIGHT_CFLAGS_set=
ac_cv_env_SETBACKLIGHT_CFLAGS_value=
ac_cv_env_SETBACKLIGHT_LIBS_set=
ac_cv_env_SETBACKLIGHT_LIBS_value=
ac_cv_env_SIMPLE_CLIENT_CFLAGS_set=
ac_cv_env_SIMPLE_CLIENT_CFLAGS_value=
ac_cv_env_SIMPLE_CLIENT_LIBS_set=
ac_cv_env_SIMPLE_CLIENT_LIBS_value=
ac_cv_env_SIMPLE_EGL_CLIENT_CFLAGS_set=
ac_cv_env_SIMPLE_EGL_CLIENT_CFLAGS_value=
ac_cv_env_SIMPLE_EGL_CLIENT_LIBS_set=
ac_cv_env_SIMPLE_EGL_CLIENT_LIBS_value=
ac_cv_env_SYSTEMD_LOGIN_209_CFLAGS_set=
ac_cv_env_SYSTEMD_LOGIN_209_CFLAGS_value=
ac_cv_env_SYSTEMD_LOGIN_209_LIBS_set=
ac_cv_env_SYSTEMD_LOGIN_209_LIBS_value=
ac_cv_env_SYSTEMD_LOGIN_CFLAGS_set=
ac_cv_env_SYSTEMD_LOGIN_CFLAGS_value=
ac_cv_env_SYSTEMD_LOGIN_LIBS_set=
ac_cv_env_SYSTEMD_LOGIN_LIBS_value=
ac_cv_env_TEST_CLIENT_CFLAGS_set=
ac_cv_env_TEST_CLIENT_CFLAGS_value=
ac_cv_env_TEST_CLIENT_LIBS_set=
ac_cv_env_TEST_CLIENT_LIBS_value=
ac_cv_env_WAYLAND_COMPOSITOR_CFLAGS_set=
ac_cv_env_WAYLAND_COMPOSITOR_CFLAGS_value=
ac_cv_env_WAYLAND_COMPOSITOR_LIBS_set=
ac_cv_env_WAYLAND_COMPOSITOR_LIBS_value=
ac_cv_env_WAYLAND_SCANNER_CFLAGS_set=
ac_cv_env_WAYLAND_SCANNER_CFLAGS_value=
ac_cv_env_WAYLAND_SCANNER_LIBS_set=
ac_cv_env_WAYLAND_SCANNER_LIBS_value=
ac_cv_env_WCAP_CFLAGS_set=
ac_cv_env_WCAP_CFLAGS_value=
ac_cv_env_WCAP_LIBS_set=
ac_cv_env_WCAP_LIBS_value=
ac_cv_env_WEBP_CFLAGS_set=
ac_cv_env_WEBP_CFLAGS_value=
ac_cv_env_WEBP_LIBS_set=
ac_cv_env_WEBP_LIBS_value=
ac_cv_env_WESTON_INFO_CFLAGS_set=
ac_cv_env_WESTON_INFO_CFLAGS_value=
ac_cv_env_WESTON_INFO_LIBS_set=
ac_cv_env_WESTON_INFO_LIBS_value=
ac_cv_env_WESTON_NATIVE_BACKEND_set=
ac_cv_env_WESTON_NATIVE_BACKEND_value=
ac_cv_env_WESTON_SHELL_CLIENT_set=
ac_cv_env_WESTON_SHELL_CLIENT_value=
ac_cv_env_X11_COMPOSITOR_CFLAGS_set=
ac_cv_env_X11_COMPOSITOR_CFLAGS_value=
ac_cv_env_X11_COMPOSITOR_LIBS_set=
ac_cv_env_X11_COMPOSITOR_LIBS_value=
ac_cv_env_X11_COMPOSITOR_XKB_CFLAGS_set=
ac_cv_env_X11_COMPOSITOR_XKB_CFLAGS_value=
ac_cv_env_X11_COMPOSITOR_XKB_LIBS_set=
ac_cv_env_X11_COMPOSITOR_XKB_LIBS_value=
ac_cv_env_XCB_CFLAGS_set=
ac_cv_env_XCB_CFLAGS_value=
ac_cv_env_XCB_LIBS_set=
ac_cv_env_XCB_LIBS_value=
ac_cv_env_XWAYLAND_CFLAGS_set=
ac_cv_env_XWAYLAND_CFLAGS_value=
ac_cv_env_XWAYLAND_LIBS_set=
ac_cv_env_XWAYLAND_LIBS_value=
ac_cv_env_XWAYLAND_TEST_CFLAGS_set=
ac_cv_env_XWAYLAND_TEST_CFLAGS_value=
ac_cv_env_XWAYLAND_TEST_LIBS_set=
ac_cv_env_XWAYLAND_TEST_LIBS_value=
ac_cv_env_build_alias_set=
ac_cv_env_build_alias_value=
ac_cv_env_host_alias_set=
ac_cv_env_host_alias_value=
ac_cv_env_target_alias_set=
ac_cv_env_target_alias_value=
ac_cv_func_dlopen=no
ac_cv_func_initgroups=yes
ac_cv_func_mkostemp=yes
ac_cv_func_posix_fallocate=yes
ac_cv_func_strchrnul=yes
ac_cv_func_xcb_poll_for_queued_event=yes
ac_cv_have_decl_CLOCK_MONOTONIC=yes
ac_cv_have_decl_SFD_CLOEXEC=yes
ac_cv_have_decl_TFD_CLOEXEC=yes
ac_cv_header_dlfcn_h=yes
ac_cv_header_execinfo_h=yes
ac_cv_header_freerdp_version_h=no
ac_cv_header_inttypes_h=yes
ac_cv_header_memory_h=yes
ac_cv_header_minix_config_h=no
ac_cv_header_stdc=yes
ac_cv_header_stdint_h=yes
ac_cv_header_stdlib_h=yes
ac_cv_header_string_h=yes
ac_cv_header_strings_h=yes
ac_cv_header_sys_stat_h=yes
ac_cv_header_sys_types_h=yes
ac_cv_header_unistd_h=yes
ac_cv_host=x86_64-unknown-linux-gnu
ac_cv_lib_dl_dlopen=yes
ac_cv_lib_jpeg_jpeg_CreateDecompress=yes
ac_cv_lib_pam_pam_open_session=yes
ac_cv_objext=o
ac_cv_path_EGREP='/bin/grep -E'
ac_cv_path_FGREP='/bin/grep -F'
ac_cv_path_GREP=/bin/grep
ac_cv_path_SED=/bin/sed
ac_cv_path_ac_pt_PKG_CONFIG=/usr/bin/pkg-config
ac_cv_path_install='/usr/bin/install -c'
ac_cv_path_mkdir=/bin/mkdir
ac_cv_path_wayland_scanner=/usr/bin/wayland-scanner
ac_cv_prog_AWK=gawk
ac_cv_prog_CPP='gcc -E'
ac_cv_prog_ac_ct_AR=ar
ac_cv_prog_ac_ct_CC=gcc
ac_cv_prog_ac_ct_MANIFEST_TOOL=mt
ac_cv_prog_ac_ct_OBJDUMP=objdump
ac_cv_prog_ac_ct_RANLIB=ranlib
ac_cv_prog_ac_ct_STRIP=strip
ac_cv_prog_cc_c89=
ac_cv_prog_cc_g=yes
ac_cv_prog_make_make_set=yes
ac_cv_safe_to_define___extensions__=yes
ac_cv_sys_file_offset_bits=no
ac_cv_sys_largefile_CC=no
am_cv_CC_dependencies_compiler_type=gcc3
am_cv_make_support_nested_variables=yes
am_cv_prog_cc_c_o=yes
lt_cv_ar_at_file=@
lt_cv_archive_cmds_need_lc=no
lt_cv_deplibs_check_method=pass_all
lt_cv_file_magic_cmd='$MAGIC_CMD'
lt_cv_file_magic_test_file=
lt_cv_ld_reload_flag=-r
lt_cv_nm_interface='BSD nm'
lt_cv_objdir=.libs
lt_cv_path_LD=/usr/bin/ld
lt_cv_path_NM='/usr/bin/nm -B'
lt_cv_path_mainfest_tool=no
lt_cv_prog_compiler_c_o=yes
lt_cv_prog_compiler_pic='-fPIC -DPIC'
lt_cv_prog_compiler_pic_works=yes
lt_cv_prog_compiler_rtti_exceptions=no
lt_cv_prog_compiler_static_works=no
lt_cv_prog_gnu_ld=yes
lt_cv_sharedlib_from_linklib_cmd='printf %s\n'
lt_cv_shlibpath_overrides_runpath=no
lt_cv_sys_global_symbol_pipe='sed -n -e '\''s/^.*[	 ]\([ABCDGIRSTW][ABCDGIRSTW]*\)[	 ][	 ]*\([_A-Za-z][_A-Za-z0-9]*\)$/\1 \2 \2/p'\'' | sed '\''/ __gnu_lto/d'\'''
lt_cv_sys_global_symbol_to_c_name_address='sed -n -e '\''s/^: \([^ ]*\)[ ]*$/  {\"\1\", (void *) 0},/p'\'' -e '\''s/^[ABCDGIRSTW]* \([^ ]*\) \([^ ]*\)$/  {"\2", (void *) \&\2},/p'\'''
lt_cv_sys_global_symbol_to_c_name_address_lib_prefix='sed -n -e '\''s/^: \([^ ]*\)[ ]*$/  {\"\1\", (void *) 0},/p'\'' -e '\''s/^[ABCDGIRSTW]* \([^ ]*\) \(lib[^ ]*\)$/  {"\2", (void *) \&\2},/p'\'' -e '\''s/^[ABCDGIRSTW]* \([^ ]*\) \([^ ]*\)$/  {"lib\2", (void *) \&\2},/p'\'''
lt_cv_sys_global_symbol_to_cdecl='sed -n -e '\''s/^T .* \(.*\)$/extern int \1();/p'\'' -e '\''s/^[ABCDGIRSTW]* .* \(.*\)$/extern char \1;/p'\'''
lt_cv_sys_max_cmd_len=1572864
lt_cv_to_host_file_cmd=func_convert_file_noop
lt_cv_to_tool_file_cmd=func_convert_file_noop
pkg_cv_CAIRO_CFLAGS='-I/usr/include/cairo -I/usr/include/glib-2.0 -I/usr/lib/x86_64-linux-gnu/glib-2.0/include -I/usr/include/pixman-1 -I/usr/include/freetype2 -I/usr/include/libpng12  '
pkg_cv_CAIRO_LIBS='-lcairo  '
pkg_cv_CLIENT_CFLAGS='-I/home/zw/work/ubuntu/local/include -I/usr/include/cairo -I/usr/include/glib-2.0 -I/usr/lib/x86_64-linux-gnu/glib-2.0/include -I/usr/include/pixman-1 -I/usr/include/freetype2 -I/usr/include/libpng12  '
pkg_cv_CLIENT_LIBS='-L/home/zw/work/ubuntu/local/lib -lwayland-client -lcairo -lxkbcommon -lwayland-cursor  '
pkg_cv_COMPOSITOR_CFLAGS='-I/home/zw/work/ubuntu/local/include -I/usr/include/pixman-1  '
pkg_cv_COMPOSITOR_LIBS='-L/home/zw/work/ubuntu/local/lib -lwayland-server -lpixman-1 -lxkbcommon  '
pkg_cv_DBUS_CFLAGS='-I/usr/include/dbus-1.0 -I/usr/lib/x86_64-linux-gnu/dbus-1.0/include  '
pkg_cv_DBUS_LIBS='-ldbus-1  '
pkg_cv_DRM_COMPOSITOR_CFLAGS='-I/usr/include/libdrm  '
pkg_cv_DRM_COMPOSITOR_LIBS='-ludev -ldrm -lgbm -lmtdev  '
pkg_cv_EGL_CFLAGS='-I/usr/include/libdrm  '
pkg_cv_EGL_LIBS='-lEGL -lGLESv2  '
pkg_cv_EGL_TESTS_CFLAGS='-I/home/zw/work/ubuntu/local/include -I/usr/include/libdrm  '
pkg_cv_EGL_TESTS_LIBS='-L/home/zw/work/ubuntu/local/lib -lEGL -lGLESv2 -lwayland-egl -lwayland-client  '
pkg_cv_FBDEV_COMPOSITOR_CFLAGS=' '
pkg_cv_FBDEV_COMPOSITOR_LIBS='-ludev -lmtdev  '
pkg_cv_GLU_CFLAGS='-I/usr/include/libdrm  '
pkg_cv_GLU_LIBS='-lGLU -lGL  '
pkg_cv_LIBDRM_CFLAGS='-I/usr/include/libdrm  '
pkg_cv_LIBDRM_LIBS='-ldrm  '
pkg_cv_LIBINPUT_BACKEND_CFLAGS='-I/home/zw/work/ubuntu/local/include  '
pkg_cv_LIBINPUT_BACKEND_LIBS='-L/home/zw/work/ubuntu/local/lib -linput  '
pkg_cv_LIBVA_CFLAGS=' '
pkg_cv_LIBVA_LIBS='-lva-drm -lva  '
pkg_cv_PANGO_CFLAGS='-pthread -I/usr/include/pango-1.0 -I/usr/include/cairo -I/usr/include/glib-2.0 -I/usr/lib/x86_64-linux-gnu/glib-2.0/include -I/usr/include/pixman-1 -I/usr/include/freetype2 -I/usr/include/libpng12  '
pkg_cv_PANGO_LIBS='-lpangocairo-1.0 -lpango-1.0 -lcairo -lgobject-2.0 -lglib-2.0  '
pkg_cv_PIXMAN_CFLAGS='-I/usr/include/pixman-1  '
pkg_cv_PIXMAN_LIBS='-lpixman-1  '
pkg_cv_PNG_CFLAGS='-I/usr/include/libpng12  '
pkg_cv_PNG_LIBS='-lpng12  '
pkg_cv_RDP_COMPOSITOR_CFLAGS='-I/usr/local/include/freerdp -I/usr/local/include/winpr'
pkg_cv_RDP_COMPOSITOR_LIBS=/usr/local/lib/x86_64-linux-gnu/libfreerdp.so
pkg_cv_RPI_COMPOSITOR_CFLAGS=' '
pkg_cv_RPI_COMPOSITOR_LIBS='-ludev -lmtdev  '
pkg_cv_SERVER_CFLAGS='-I/home/zw/work/ubuntu/local/include  '
pkg_cv_SERVER_LIBS='-L/home/zw/work/ubuntu/local/lib -lwayland-server  '
pkg_cv_SETBACKLIGHT_CFLAGS='-I/usr/include/libdrm  '
pkg_cv_SETBACKLIGHT_LIBS='-ludev -ldrm  '
pkg_cv_SIMPLE_CLIENT_CFLAGS='-I/home/zw/work/ubuntu/local/include  '
pkg_cv_SIMPLE_CLIENT_LIBS='-L/home/zw/work/ubuntu/local/lib -lwayland-client  '
pkg_cv_SIMPLE_EGL_CLIENT_CFLAGS='-I/home/zw/work/ubuntu/local/include -I/usr/include/libdrm  '
pkg_cv_SIMPLE_EGL_CLIENT_LIBS='-L/home/zw/work/ubuntu/local/lib -lEGL -lGLESv2 -lwayland-egl -lwayland-client -lwayland-cursor  '
pkg_cv_TEST_CLIENT_CFLAGS='-I/home/zw/work/ubuntu/local/include  '
pkg_cv_TEST_CLIENT_LIBS='-L/home/zw/work/ubuntu/local/lib -lwayland-client  '
pkg_cv_WAYLAND_COMPOSITOR_CFLAGS='-I/home/zw/work/ubuntu/local/include  '
pkg_cv_WAYLAND_COMPOSITOR_LIBS='-L/home/zw/work/ubuntu/local/lib -lwayland-egl -lwayland-client -lwayland-cursor  '
pkg_cv_WCAP_CFLAGS='-I/usr/include/cairo -I/usr/include/glib-2.0 -I/usr/lib/x86_64-linux-gnu/glib-2.0/include -I/usr/include/pixman-1 -I/usr/include/freetype2 -I/usr/include/libpng12  '
pkg_cv_WCAP_LIBS='-lcairo  '
pkg_cv_WESTON_INFO_CFLAGS='-I/home/zw/work/ubuntu/local/include  '
pkg_cv_WESTON_INFO_LIBS='-L/home/zw/work/ubuntu/local/lib -lwayland-client  '
pkg_cv_X11_COMPOSITOR_CFLAGS=' '
pkg_cv_X11_COMPOSITOR_LIBS='-lX11-xcb -lX11 -lxcb-shm -lxcb  '
pkg_cv_XCB_CFLAGS=' '
pkg_cv_XCB_LIBS='-lxcb  '
pkg_cv_XWAYLAND_CFLAGS='-I/usr/include/cairo -I/usr/include/glib-2.0 -I/usr/lib/x86_64-linux-gnu/glib-2.0/include -I/usr/include/pixman-1 -I/usr/include/freetype2 -I/usr/include/libpng12  '
pkg_cv_XWAYLAND_LIBS='-lxcb-composite -lxcb-xfixes -lxcb-shape -lXcursor -lcairo -lxcb-render -lxcb  '
pkg_cv_XWAYLAND_TEST_CFLAGS=' '
pkg_cv_XWAYLAND_TEST_LIBS='-lX11  '

## ----------------- ##
## Output variables. ##
## ----------------- ##

ACLOCAL='${SHELL} /home/zw/work/ubuntu/weston-1.8.0/build-aux/missing aclocal-1.14'
AMDEPBACKSLASH='\'
AMDEP_FALSE='#'
AMDEP_TRUE=''
AMTAR='$${TAR-tar}'
AM_BACKSLASH='\'
AM_DEFAULT_V='$(AM_DEFAULT_VERBOSITY)'
AM_DEFAULT_VERBOSITY='0'
AM_V='$(V)'
AR='ar'
AUTOCONF='${SHELL} /home/zw/work/ubuntu/weston-1.8.0/build-aux/missing autoconf'
AUTOHEADER='${SHELL} /home/zw/work/ubuntu/weston-1.8.0/build-aux/missing autoheader'
AUTOMAKE='${SHELL} /home/zw/work/ubuntu/weston-1.8.0/build-aux/missing automake-1.14'
AWK='gawk'
BUILD_CLIENTS_FALSE='#'
BUILD_CLIENTS_TRUE=''
BUILD_FULL_GL_CLIENTS_FALSE=''
BUILD_FULL_GL_CLIENTS_TRUE='#'
BUILD_SETBACKLIGHT_FALSE='#'
BUILD_SETBACKLIGHT_TRUE=''
BUILD_SIMPLE_CLIENTS_FALSE='#'
BUILD_SIMPLE_CLIENTS_TRUE=''
BUILD_SIMPLE_EGL_CLIENTS_FALSE='#'
BUILD_SIMPLE_EGL_CLIENTS_TRUE=''
BUILD_SUBSURFACES_CLIENT_FALSE='#'
BUILD_SUBSURFACES_CLIENT_TRUE=''
BUILD_WCAP_TOOLS_FALSE='#'
BUILD_WCAP_TOOLS_TRUE=''
BUILD_WESTON_LAUNCH_FALSE='#'
BUILD_WESTON_LAUNCH_TRUE=''
CAIRO_CFLAGS='-I/usr/include/cairo -I/usr/include/glib-2.0 -I/usr/lib/x86_64-linux-gnu/glib-2.0/include -I/usr/include/pixman-1 -I/usr/include/freetype2 -I/usr/include/libpng12  '
CAIRO_EGL_CFLAGS=''
CAIRO_EGL_LIBS=''
CAIRO_LIBS='-lcairo  '
CC='gcc'
CCDEPMODE='depmode=gcc3'
CFLAGS='-g -O2'
CLIENT_CFLAGS='-I/home/zw/work/ubuntu/local/include -I/usr/include/cairo -I/usr/include/glib-2.0 -I/usr/lib/x86_64-linux-gnu/glib-2.0/include -I/usr/include/pixman-1 -I/usr/include/freetype2 -I/usr/include/libpng12  '
CLIENT_LIBS='-L/home/zw/work/ubuntu/local/lib -lwayland-client -lcairo -lxkbcommon -lwayland-cursor  '
COLORD_CFLAGS=''
COLORD_LIBS=''
COMPOSITOR_CFLAGS='-I/home/zw/work/ubuntu/local/include -I/usr/include/pixman-1  '
COMPOSITOR_LIBS='-L/home/zw/work/ubuntu/local/lib -lwayland-server -lpixman-1 -lxkbcommon  '
CPP='gcc -E'
CPPFLAGS=''
CYGPATH_W='echo'
DBUS_CFLAGS='-I/usr/include/dbus-1.0 -I/usr/lib/x86_64-linux-gnu/dbus-1.0/include  '
DBUS_LIBS='-ldbus-1  '
DEFS='-DHAVE_CONFIG_H'
DEPDIR='.deps'
DLLTOOL='false'
DLOPEN_LIBS='-ldl'
DRM_COMPOSITOR_CFLAGS='-I/usr/include/libdrm  '
DRM_COMPOSITOR_LIBS='-ludev -ldrm -lgbm -lmtdev  '
DSYMUTIL=''
DUMPBIN=''
ECHO_C=''
ECHO_N='-n'
ECHO_T=''
EGL_CFLAGS='-I/usr/include/libdrm  '
EGL_LIBS='-lEGL -lGLESv2  '
EGL_TESTS_CFLAGS='-I/home/zw/work/ubuntu/local/include -I/usr/include/libdrm  '
EGL_TESTS_LIBS='-L/home/zw/work/ubuntu/local/lib -lEGL -lGLESv2 -lwayland-egl -lwayland-client  '
EGREP='/bin/grep -E'
ENABLE_COLORD_FALSE=''
ENABLE_COLORD_TRUE='#'
ENABLE_DBUS_FALSE='#'
ENABLE_DBUS_TRUE=''
ENABLE_DESKTOP_SHELL_FALSE='#'
ENABLE_DESKTOP_SHELL_TRUE=''
ENABLE_DRM_COMPOSITOR_FALSE='#'
ENABLE_DRM_COMPOSITOR_TRUE=''
ENABLE_EGL_FALSE='#'
ENABLE_EGL_TRUE=''
ENABLE_FBDEV_COMPOSITOR_FALSE='#'
ENABLE_FBDEV_COMPOSITOR_TRUE=''
ENABLE_FULLSCREEN_SHELL_FALSE='#'
ENABLE_FULLSCREEN_SHELL_TRUE=''
ENABLE_HEADLESS_COMPOSITOR_FALSE='#'
ENABLE_HEADLESS_COMPOSITOR_TRUE=''
ENABLE_IVI_SHELL_FALSE='#'
ENABLE_IVI_SHELL_TRUE=''
ENABLE_RDP_COMPOSITOR_FALSE='#'
ENABLE_RDP_COMPOSITOR_TRUE=''
ENABLE_RPI_COMPOSITOR_FALSE='#'
ENABLE_RPI_COMPOSITOR_TRUE=''
ENABLE_SCREEN_SHARING_FALSE=''
ENABLE_SCREEN_SHARING_TRUE='#'
ENABLE_SETUID_INSTALL_FALSE='#'
ENABLE_SETUID_INSTALL_TRUE=''
ENABLE_VAAPI_RECORDER_FALSE='#'
ENABLE_VAAPI_RECORDER_TRUE=''
ENABLE_WAYLAND_COMPOSITOR_FALSE='#'
ENABLE_WAYLAND_COMPOSITOR_TRUE=''
ENABLE_X11_COMPOSITOR_FALSE='#'
ENABLE_X11_COMPOSITOR_TRUE=''
ENABLE_XWAYLAND_FALSE='#'
ENABLE_XWAYLAND_TEST_FALSE='#'
ENABLE_XWAYLAND_TEST_TRUE=''
ENABLE_XWAYLAND_TRUE=''
EXEEXT=''
FBDEV_COMPOSITOR_CFLAGS=' '
FBDEV_COMPOSITOR_LIBS='-ludev -lmtdev  '
FGREP='/bin/grep -F'
GCC_CFLAGS='-Wall -Wextra -Wno-unused-parameter 		-Wno-missing-field-initializers -g -fvisibility=hidden 		-Wstrict-prototypes -Wmissing-prototypes -Wsign-compare'
GLU_CFLAGS='-I/usr/include/libdrm  '
GLU_LIBS='-lGLU -lGL  '
GREP='/bin/grep'
HAVE_CAIRO_GLESV2_FALSE=''
HAVE_CAIRO_GLESV2_TRUE='#'
HAVE_GIT_REPO_FALSE=''
HAVE_GIT_REPO_TRUE='#'
HAVE_GLU_FALSE='#'
HAVE_GLU_TRUE=''
HAVE_LCMS_FALSE=''
HAVE_LCMS_TRUE='#'
HAVE_LIBUNWIND_FALSE=''
HAVE_LIBUNWIND_TRUE='#'
HAVE_PANGO_FALSE='#'
HAVE_PANGO_TRUE=''
HAVE_SYSTEMD_LOGIN_FALSE=''
HAVE_SYSTEMD_LOGIN_TRUE='#'
INSTALL_DATA='${INSTALL} -m 644'
INSTALL_DEMO_CLIENTS_FALSE=''
INSTALL_DEMO_CLIENTS_TRUE='#'
INSTALL_PROGRAM='${INSTALL}'
INSTALL_RPI_COMPOSITOR_FALSE=''
INSTALL_RPI_COMPOSITOR_TRUE='#'
INSTALL_SCRIPT='${INSTALL}'
INSTALL_STRIP_PROGRAM='$(install_sh) -c -s'
JPEG_LIBS='-ljpeg'
LCMS_CFLAGS=''
LCMS_LIBS=''
LD='/usr/bin/ld -m elf_x86_64'
LDFLAGS='-L/usr/local/lib/x86_64-linux-gnu/ -L/home/zw/work/ubuntu/local/lib/'
LIBDRM_CFLAGS='-I/usr/include/libdrm  '
LIBDRM_LIBS='-ldrm  '
LIBINPUT_BACKEND_CFLAGS='-I/home/zw/work/ubuntu/local/include  '
LIBINPUT_BACKEND_LIBS='-L/home/zw/work/ubuntu/local/lib -linput  '
LIBOBJS=''
LIBS='-lfreerdp'
LIBTOOL='$(SHELL) $(top_builddir)/libtool'
LIBUNWIND_CFLAGS=''
LIBUNWIND_LIBS=''
LIBVA_CFLAGS=' '
LIBVA_LIBS='-lva-drm -lva  '
LIPO=''
LN_S='ln -s'
LTLIBOBJS=''
MAKEINFO='${SHELL} /home/zw/work/ubuntu/weston-1.8.0/build-aux/missing makeinfo'
MANIFEST_TOOL=':'
MKDIR_P='/bin/mkdir -p'
NM='/usr/bin/nm -B'
NMEDIT=''
OBJDUMP='objdump'
OBJEXT='o'
OTOOL64=''
OTOOL=''
PACKAGE='weston'
PACKAGE_BUGREPORT='https://bugs.freedesktop.org/enter_bug.cgi?product=Wayland&component=weston&version=1.8.0'
PACKAGE_NAME='weston'
PACKAGE_STRING='weston 1.8.0'
PACKAGE_TARNAME='weston'
PACKAGE_URL='http://wayland.freedesktop.org'
PACKAGE_VERSION='1.8.0'
PAM_LIBS='-lpam'
PANGO_CFLAGS='-pthread -I/usr/include/pango-1.0 -I/usr/include/cairo -I/usr/include/glib-2.0 -I/usr/lib/x86_64-linux-gnu/glib-2.0/include -I/usr/include/pixman-1 -I/usr/include/freetype2 -I/usr/include/libpng12  '
PANGO_LIBS='-lpangocairo-1.0 -lpango-1.0 -lcairo -lgobject-2.0 -lglib-2.0  '
PATH_SEPARATOR=':'
PIXMAN_CFLAGS='-I/usr/include/pixman-1  '
PIXMAN_LIBS='-lpixman-1  '
PKG_CONFIG='/usr/bin/pkg-config'
PKG_CONFIG_LIBDIR=''
PKG_CONFIG_PATH='/home/zw/work/ubuntu/local/lib/pkgconfig'
PNG_CFLAGS='-I/usr/include/libpng12  '
PNG_LIBS='-lpng12  '
RANLIB='ranlib'
RDP_COMPOSITOR_CFLAGS='-I/usr/local/include/freerdp -I/usr/local/include/winpr'
RDP_COMPOSITOR_LIBS='/usr/local/lib/x86_64-linux-gnu/libfreerdp.so'
RPI_BCM_HOST_CFLAGS=''
RPI_BCM_HOST_LIBS=''
RPI_COMPOSITOR_CFLAGS=' '
RPI_COMPOSITOR_LIBS='-ludev -lmtdev  '
SCREEN_SHARE_CFLAGS=''
SCREEN_SHARE_LIBS=''
SED='/bin/sed'
SERVER_CFLAGS='-I/home/zw/work/ubuntu/local/include  '
SERVER_LIBS='-L/home/zw/work/ubuntu/local/lib -lwayland-server  '
SETBACKLIGHT_CFLAGS='-I/usr/include/libdrm  '
SETBACKLIGHT_LIBS='-ludev -ldrm  '
SET_MAKE=''
SHELL='/bin/sh'
SIMPLE_CLIENT_CFLAGS='-I/home/zw/work/ubuntu/local/include  '
SIMPLE_CLIENT_LIBS='-L/home/zw/work/ubuntu/local/lib -lwayland-client  '
SIMPLE_EGL_CLIENT_CFLAGS='-I/home/zw/work/ubuntu/local/include -I/usr/include/libdrm  '
SIMPLE_EGL_CLIENT_LIBS='-L/home/zw/work/ubuntu/local/lib -lEGL -lGLESv2 -lwayland-egl -lwayland-client -lwayland-cursor  '
STRIP='strip'
SYSTEMD_LOGIN_209_CFLAGS=''
SYSTEMD_LOGIN_209_LIBS=''
SYSTEMD_LOGIN_CFLAGS=''
SYSTEMD_LOGIN_LIBS=''
TEST_CLIENT_CFLAGS='-I/home/zw/work/ubuntu/local/include  '
TEST_CLIENT_LIBS='-L/home/zw/work/ubuntu/local/lib -lwayland-client  '
VERSION='1.8.0'
WAYLAND_COMPOSITOR_CFLAGS='-I/home/zw/work/ubuntu/local/include  '
WAYLAND_COMPOSITOR_LIBS='-L/home/zw/work/ubuntu/local/lib -lwayland-egl -lwayland-client -lwayland-cursor  '
WAYLAND_SCANNER_CFLAGS=''
WAYLAND_SCANNER_LIBS=''
WCAP_CFLAGS='-I/usr/include/cairo -I/usr/include/glib-2.0 -I/usr/lib/x86_64-linux-gnu/glib-2.0/include -I/usr/include/pixman-1 -I/usr/include/freetype2 -I/usr/include/libpng12  '
WCAP_LIBS='-lcairo   -lm'
WEBP_CFLAGS=''
WEBP_LIBS=''
WESTON_INFO_CFLAGS='-I/home/zw/work/ubuntu/local/include  '
WESTON_INFO_LIBS='-L/home/zw/work/ubuntu/local/lib -lwayland-client  '
WESTON_NATIVE_BACKEND='drm-backend.so'
WESTON_SHELL_CLIENT='weston-desktop-shell'
WESTON_VERSION='1.8.0'
WESTON_VERSION_MAJOR='1'
WESTON_VERSION_MICRO='0'
WESTON_VERSION_MINOR='8'
X11_COMPOSITOR_CFLAGS=' '
X11_COMPOSITOR_LIBS='-lX11-xcb -lX11 -lxcb-shm -lxcb  '
X11_COMPOSITOR_XKB_CFLAGS=''
X11_COMPOSITOR_XKB_LIBS=''
XCB_CFLAGS=' '
XCB_LIBS='-lxcb  '
XSERVER_PATH='/usr/bin/Xwayland'
XWAYLAND_CFLAGS='-I/usr/include/cairo -I/usr/include/glib-2.0 -I/usr/lib/x86_64-linux-gnu/glib-2.0/include -I/usr/include/pixman-1 -I/usr/include/freetype2 -I/usr/include/libpng12  '
XWAYLAND_LIBS='-lxcb-composite -lxcb-xfixes -lxcb-shape -lXcursor -lcairo -lxcb-render -lxcb  '
XWAYLAND_TEST_CFLAGS=' '
XWAYLAND_TEST_LIBS='-lX11  '
ac_ct_AR='ar'
ac_ct_CC='gcc'
ac_ct_DUMPBIN=''
am__EXEEXT_FALSE=''
am__EXEEXT_TRUE='#'
am__fastdepCC_FALSE='#'
am__fastdepCC_TRUE=''
am__include='include'
am__isrc=''
am__leading_dot='.'
am__nodep='_no'
am__quote=''
am__tar='$${TAR-tar} chof - "$$tardir"'
am__untar='$${TAR-tar} xf -'
bindir='${exec_prefix}/bin'
build='x86_64-unknown-linux-gnu'
build_alias=''
build_cpu='x86_64'
build_os='linux-gnu'
build_vendor='unknown'
datadir='${datarootdir}'
datarootdir='${prefix}/share'
docdir='${datarootdir}/doc/${PACKAGE_TARNAME}'
dvidir='${docdir}'
exec_prefix='${prefix}'
host='x86_64-unknown-linux-gnu'
host_alias=''
host_cpu='x86_64'
host_os='linux-gnu'
host_vendor='unknown'
htmldir='${docdir}'
includedir='${prefix}/include'
infodir='${datarootdir}/info'
install_sh='${SHELL} /home/zw/work/ubuntu/weston-1.8.0/build-aux/install-sh'
libdir='${exec_prefix}/lib'
libexecdir='${exec_prefix}/libexec'
localedir='${datarootdir}/locale'
localstatedir='${prefix}/var'
mandir='${datarootdir}/man'
mkdir_p='$(MKDIR_P)'
oldincludedir='/usr/include'
pdfdir='${docdir}'
prefix='/home/zw/work/ubuntu/local'
program_transform_name='s,x,x,'
psdir='${docdir}'
sbindir='${exec_prefix}/sbin'
sharedstatedir='${prefix}/com'
sysconfdir='${prefix}/etc'
target_alias=''
wayland_scanner='/usr/bin/wayland-scanner'

## ----------- ##
## confdefs.h. ##
## ----------- ##

/* confdefs.h */
#define PACKAGE_NAME "weston"
#define PACKAGE_TARNAME "weston"
#define PACKAGE_VERSION "1.8.0"
#define PACKAGE_STRING "weston 1.8.0"
#define PACKAGE_BUGREPORT "https://bugs.freedesktop.org/enter_bug.cgi?product=Wayland&component=weston&version=1.8.0"
#define PACKAGE_URL "http://wayland.freedesktop.org"
#define STDC_HEADERS 1
#define HAVE_SYS_TYPES_H 1
#define HAVE_SYS_STAT_H 1
#define HAVE_STDLIB_H 1
#define HAVE_STRING_H 1
#define HAVE_MEMORY_H 1
#define HAVE_STRINGS_H 1
#define HAVE_INTTYPES_H 1
#define HAVE_STDINT_H 1
#define HAVE_UNISTD_H 1
#define __EXTENSIONS__ 1
#define _ALL_SOURCE 1
#define _GNU_SOURCE 1
#define _POSIX_PTHREAD_SEMANTICS 1
#define _TANDEM_SOURCE 1
#define PACKAGE "weston"
#define VERSION "1.8.0"
#define HAVE_DLFCN_H 1
#define LT_OBJDIR ".libs/"
#define HAVE_EXECINFO_H 1
#define HAVE_MKOSTEMP 1
#define HAVE_STRCHRNUL 1
#define HAVE_INITGROUPS 1
#define HAVE_POSIX_FALLOCATE 1
#define ENABLE_EGL 1
#define ENABLE_XKBCOMMON 1
#define BUILD_XWAYLAND 1
#define HAVE_LIBDRM 1
#define HAVE_XCB_POLL_FOR_QUEUED_EVENT 1
#define BUILD_X11_COMPOSITOR 1
#define BUILD_DRM_COMPOSITOR 1
#define BUILD_WAYLAND_COMPOSITOR 1
#define BUILD_HEADLESS_COMPOSITOR 1
#define BUILD_RPI_COMPOSITOR 1
#define BUILD_FBDEV_COMPOSITOR 1
#define BUILD_RDP_COMPOSITOR 1
#define BUILD_VAAPI_RECORDER 1
#define BUILD_CLIENTS 1
#define USE_RESIZE_POOL 1
#define HAVE_DBUS 1
#define BUILD_WCAP_TOOLS 1
#define WESTON_NATIVE_BACKEND "drm-backend.so"
#define WESTON_SHELL_CLIENT "weston-desktop-shell"

configure: exit 0
